<?xml version="1.0" encoding="UTF-8"?>
<testng-results ignored="0" total="1" passed="1" failed="0" skipped="0">
  <reporter-output>
  </reporter-output>
  <suite started-at="2025-03-15T16:21:52 EDT" name="Default suite" finished-at="2025-03-15T16:21:57 EDT" duration-ms="5689">
    <groups>
    </groups>
    <test started-at="2025-03-15T16:21:52 EDT" name="Default test" finished-at="2025-03-15T16:21:57 EDT" duration-ms="5689">
      <class name="com.webshop.pages.RegisterPage">
        <test-method signature="initApplication()[pri:0, instance:com.webshop.pages.RegisterPage@37271612]" started-at="2025-03-15T16:21:52 EDT" name="initApplication" finished-at="2025-03-15T16:21:57 EDT" duration-ms="5657" status="PASS">
          <reporter-output>
          </reporter-output>
        </test-method> <!-- initApplication -->
      </class> <!-- com.webshop.pages.RegisterPage -->
    </test> <!-- Default test -->
  </suite> <!-- Default suite -->
</testng-results>
